SF:lib/data/models/movie.dart
DA:18,0
DA:35,0
DA:36,0
DA:37,0
DA:38,0
DA:39,0
DA:40,0
DA:41,0
DA:42,0
DA:43,0
DA:44,0
DA:45,0
DA:46,0
DA:47,0
DA:48,0
DA:49,0
DA:50,0
DA:53,0
DA:54,0
DA:55,0
DA:56,0
DA:57,0
DA:58,0
DA:59,0
DA:60,0
DA:61,0
DA:62,0
DA:63,0
DA:64,0
DA:65,0
DA:66,0
DA:67,0
DA:68,0
DA:69,0
DA:73,0
DA:75,0
LF:36
LH:0
end_of_record
SF:lib/presentation/base/state.dart
DA:4,0
DA:5,1
DA:6,1
DA:7,1
DA:9,3
DA:10,2
DA:11,0
LF:7
LH:5
end_of_record
SF:lib/presentation/modules/home/home_bloc.dart
DA:11,1
DA:15,1
DA:16,2
DA:18,1
DA:19,3
DA:21,2
DA:22,3
DA:24,4
DA:28,0
DA:30,0
LF:10
LH:8
end_of_record
SF:lib/domain/usecases/movies/fetch_movie_list_usecase.dart
DA:8,0
DA:10,0
DA:11,0
DA:12,0
DA:13,0
LF:5
LH:0
end_of_record
SF:lib/data/datasources/remote/rest_client.g.dart
DA:12,0
DA:16,0
DA:23,0
DA:26,0
DA:27,0
DA:28,0
DA:30,0
DA:36,0
DA:37,0
DA:42,0
DA:43,0
DA:44,0
DA:45,0
DA:47,0
DA:51,0
DA:52,0
DA:53,0
DA:54,0
DA:55,0
DA:56,0
DA:58,0
DA:64,0
DA:68,0
DA:72,0
DA:74,0
DA:75,0
DA:78,0
LF:27
LH:0
end_of_record
SF:lib/data/repositories/movie_repository.dart
DA:12,0
DA:14,0
DA:16,0
DA:17,0
DA:18,0
LF:5
LH:0
end_of_record
SF:lib/domain/usecases/movies/add_movie_to_watch_list_usecase.dart
DA:6,0
DA:8,0
DA:9,0
LF:3
LH:0
end_of_record
SF:lib/presentation/modules/global/movie_manager.dart
DA:36,0
DA:37,0
DA:40,0
DA:41,0
DA:42,0
DA:45,0
DA:46,0
DA:47,0
DA:50,0
DA:51,0
DA:54,0
DA:56,0
DA:57,0
DA:58,0
DA:59,0
DA:60,0
DA:63,0
DA:66,0
DA:68,0
DA:71,0
DA:73,0
DA:77,0
DA:78,0
DA:79,0
DA:80,0
DA:81,0
DA:84,0
DA:86,0
DA:88,0
DA:89,0
DA:90,0
DA:91,0
DA:92,0
DA:96,0
DA:98,0
DA:101,0
DA:103,0
DA:106,0
DA:108,0
DA:109,0
DA:112,0
DA:114,0
LF:42
LH:0
end_of_record
SF:lib/domain/usecases/movies/fetch_watch_list_usecase.dart
DA:6,0
DA:8,0
DA:9,0
DA:10,0
LF:4
LH:0
end_of_record
SF:lib/domain/usecases/movies/remove_movie_to_watch_list_usecase.dart
DA:6,0
DA:8,0
DA:9,0
LF:3
LH:0
end_of_record
